<?xml version="1.0" encoding="UTF-8"?>
<!-- Generated by org.testng.reporters.JUnitReportReporter -->
<testsuite hostname="DESKTOP-3BG3L5P" failures="0" tests="2" name="com.test.Practice.TestngXMLfile" time="0.000" errors="0" timestamp="2022-11-17T13:54:24 IST" skipped="2">
  <testcase classname="com.test.Practice.TestngXMLfile" name="test1" time="0.000">
    <skipped/>
  </testcase> <!-- test1 -->
  <system-out/>
  <testcase classname="com.test.Practice.TestngXMLfile" name="test2" time="0.000">
    <skipped/>
  </testcase> <!-- test2 -->
  <system-out/>
</testsuite> <!-- com.test.Practice.TestngXMLfile -->
