<?xml version="1.0" encoding="UTF-8"?>
<!-- Generated by org.testng.reporters.JUnitReportReporter -->
<testsuite hostname="DESKTOP-3BG3L5P" failures="0" tests="2" name="com.test.Practice.SerialExecution" time="43.074" errors="0" timestamp="2022-11-19T12:06:25 IST" skipped="0">
  <testcase classname="com.test.Practice.SerialExecution" name="test1" time="28.185"/>
  <system-out/>
  <testcase classname="com.test.Practice.SerialExecution" name="test2" time="14.889"/>
  <system-out/>
</testsuite> <!-- com.test.Practice.SerialExecution -->
