<?xml version="1.0" encoding="UTF-8"?>
<!-- Generated by org.testng.reporters.JUnitReportReporter -->
<testsuite hostname="DESKTOP-3BG3L5P" failures="0" tests="3" name="com.test.Practice.PracticeDemo" time="0.000" errors="0" timestamp="2022-11-17T13:54:24 IST" skipped="3">
  <testcase classname="com.test.Practice.PracticeDemo" name="testcase2" time="0.000">
    <skipped/>
  </testcase> <!-- testcase2 -->
  <system-out/>
  <testcase classname="com.test.Practice.PracticeDemo" name="testcase3" time="0.000">
    <skipped/>
  </testcase> <!-- testcase3 -->
  <system-out/>
  <testcase classname="com.test.Practice.PracticeDemo" name="testcase1" time="0.000">
    <skipped/>
  </testcase> <!-- testcase1 -->
  <system-out/>
</testsuite> <!-- com.test.Practice.PracticeDemo -->
