<?xml version="1.0" encoding="UTF-8"?>
<!-- Generated by org.testng.reporters.JUnitReportReporter -->
<testsuite hostname="DESKTOP-3BG3L5P" failures="0" tests="2" name="com.test.Practice.TestngAnnotations2" time="0.001" errors="0" timestamp="2022-11-17T13:54:24 IST" skipped="2">
  <testcase classname="com.test.Practice.TestngAnnotations2" name="name" time="0.001">
    <skipped/>
  </testcase> <!-- name -->
  <system-out/>
  <testcase classname="com.test.Practice.TestngAnnotations2" name="name" time="0.000">
    <skipped/>
  </testcase> <!-- name -->
  <system-out/>
</testsuite> <!-- com.test.Practice.TestngAnnotations2 -->
