<?xml version="1.0" encoding="UTF-8"?>
<!-- Generated by org.testng.reporters.JUnitReportReporter -->
<testsuite hostname="DESKTOP-3BG3L5P" failures="0" tests="1" name="com.Grouping.Laptop" time="0.005" errors="0" timestamp="2022-11-19T20:02:39 IST" skipped="0">
  <testcase classname="com.Grouping.Laptop" name="dell" time="0.005"/>
  <system-out/>
</testsuite> <!-- com.Grouping.Laptop -->
